[bepatrickdavid.com/index.html]
[backblue.gif]
[fade.gif]
[index.html]
[bepatrickdavid.com/asset-manifest.json]
[bepatrickdavid.com/images/favicon-32.png]
[bepatrickdavid.com/images/favicon-48.png]
[bepatrickdavid.com/images/favicon-62.png]
[bepatrickdavid.com/images/favicon-96.png]
[bepatrickdavid.com/images/favicon-192.png]
[bepatrickdavid.com/images/cover-share.jpg]
[bepatrickdavid.com/index.js]
[bepatrickdavid.com/main.bundle.css]
[bepatrickdavid.com/images/star.png]
[bepatrickdavid.com/index.html]
[bepatrickdavid.com/analytics/index.html]
[bepatrickdavid.com/sw.js]
[bepatrickdavid.com/ca7e977997b7e5d6f0ec.eot]
[bepatrickdavid.com/ca7e977997b7e5d6f0ecd41d.eot]
[bepatrickdavid.com/f860d05be15fdda7cc07.woff2]
[bepatrickdavid.com/6c7257f754d1ef291768.woff]
[bepatrickdavid.com/28c8b6d841bf8ef6a4f1302e7cb6d615.svg]
[bepatrickdavid.com/21487a2d23b692a3c760.eot]
[bepatrickdavid.com/21487a2d23b692a3c760d41d.eot]
[bepatrickdavid.com/2da02150d666b9d1e31d.woff2]
[bepatrickdavid.com/63fd0369caf0b9c4a2de.woff]
[bepatrickdavid.com/e875b74c93b2774ca7153989a8e7c161.svg]
[bepatrickdavid.com/042c8296366ef429f744.eot]
[bepatrickdavid.com/042c8296366ef429f744d41d.eot]
[bepatrickdavid.com/5f6a68c6046cfa976287.woff2]
[bepatrickdavid.com/378c36c4ce49ea496b29.woff]
[bepatrickdavid.com/c562a1ecee182460a3b5fcfd212af76c.svg]
[bepatrickdavid.com/f8280f5b2505198c871d.eot]
[bepatrickdavid.com/f8280f5b2505198c871dd41d.eot]
[bepatrickdavid.com/6583c546cb9f680cdecc.woff2]
[bepatrickdavid.com/72ef0cc1b710f3c30bfd.woff]
[bepatrickdavid.com/main.bundle.css]
[bepatrickdavid.com/28c8b6d841bf8ef6a4f1302e7cb6d615.svg]
[bepatrickdavid.com/e875b74c93b2774ca7153989a8e7c161.svg]
[bepatrickdavid.com/c562a1ecee182460a3b5fcfd212af76c.svg]
[bepatrickdavid.com/666f32e227f670c49653acf800cfaa4b.svg]
[bepatrickdavid.com/666f32e227f670c49653acf800cfaa4b.svg]
